1714161406.759439 client started (4439): version 3.0a, socket /tmp//tmux-1000/default, protocol 8
1714161406.759466 on Linux 5.4.0-177-generic #197-Ubuntu SMP Thu Mar 28 22:45:47 UTC 2024; libevent 2.1.11-stable (poll)
1714161406.759476 socket is /tmp//tmux-1000/default
1714161406.759489 trying connect
1714161406.759509 connect failed: No such file or directory
1714161406.759518 lock file is /tmp//tmux-1000/default.lock
1714161406.759532 flock succeeded
1714161406.759534 got lock (6)
1714161406.759537 trying connect
1714161406.759541 connect failed: No such file or directory
1714161406.759789 add peer 0x55e62524d370: 7 ((nil))
1714161406.759918 sending message 100 to peer 0x55e62524d370 (4 bytes)
1714161406.759925 sending message 101 to peer 0x55e62524d370 (15 bytes)
1714161406.759928 sending message 102 to peer 0x55e62524d370 (11 bytes)
1714161406.759930 sending message 108 to peer 0x55e62524d370 (71 bytes)
1714161406.759932 sending message 104 to peer 0x55e62524d370 (0 bytes)
1714161406.759935 sending message 107 to peer 0x55e62524d370 (4 bytes)
1714161406.759937 sending message 105 to peer 0x55e62524d370 (16 bytes)
1714161406.759939 sending message 105 to peer 0x55e62524d370 (75 bytes)
1714161406.759941 sending message 105 to peer 0x55e62524d370 (16 bytes)
1714161406.759943 sending message 105 to peer 0x55e62524d370 (21 bytes)
1714161406.759945 sending message 105 to peer 0x55e62524d370 (15 bytes)
1714161406.759948 sending message 105 to peer 0x55e62524d370 (19 bytes)
1714161406.759950 sending message 105 to peer 0x55e62524d370 (13 bytes)
1714161406.759952 sending message 105 to peer 0x55e62524d370 (1506 bytes)
1714161406.759959 sending message 105 to peer 0x55e62524d370 (43 bytes)
1714161406.759961 sending message 105 to peer 0x55e62524d370 (34 bytes)
1714161406.759963 sending message 105 to peer 0x55e62524d370 (23 bytes)
1714161406.759965 sending message 105 to peer 0x55e62524d370 (20 bytes)
1714161406.759967 sending message 105 to peer 0x55e62524d370 (32 bytes)
1714161406.759969 sending message 105 to peer 0x55e62524d370 (13 bytes)
1714161406.759972 sending message 105 to peer 0x55e62524d370 (8 bytes)
1714161406.759974 sending message 105 to peer 0x55e62524d370 (17 bytes)
1714161406.759976 sending message 105 to peer 0x55e62524d370 (31 bytes)
1714161406.759978 sending message 105 to peer 0x55e62524d370 (29 bytes)
1714161406.759980 sending message 105 to peer 0x55e62524d370 (65 bytes)
1714161406.759982 sending message 105 to peer 0x55e62524d370 (129 bytes)
1714161406.759985 sending message 105 to peer 0x55e62524d370 (54 bytes)
1714161406.759987 sending message 105 to peer 0x55e62524d370 (19 bytes)
1714161406.759989 sending message 105 to peer 0x55e62524d370 (16 bytes)
1714161406.759991 sending message 105 to peer 0x55e62524d370 (51 bytes)
1714161406.759993 sending message 106 to peer 0x55e62524d370 (0 bytes)
1714161406.759995 sending message 200 to peer 0x55e62524d370 (4 bytes)
1714161406.759997 client loop enter
1714161406.797605 peer 0x55e62524d370 message 207
1714161406.797642 sending message 208 to peer 0x55e62524d370 (0 bytes)
1714161430.048673 peer 0x55e62524d370 message 203
1714161430.048684 sending message 205 to peer 0x55e62524d370 (0 bytes)
1714161430.054322 peer 0x55e62524d370 message 204
1714161430.054332 client loop exit
